<?xml version="1.0" encoding="UTF-8"?>
<!-- Generated by org.testng.reporters.JUnitXMLReporter -->
<testsuite hostname="MATPUNDTD405" name="Command line test" tests="5" failures="0" timestamp="12 Apr 2018 12:41:19 GMT" time="112.021" errors="0">
  <testcase name="TestLoginWithDataProvider" time="9.414" classname="com.Capita.AutomationDemo.testscripts.TestLoginThroughDataProvider"/>
  <testcase name="TestLoginWithDataProvider" time="12.568" classname="com.Capita.AutomationDemo.testscripts.TestLoginThroughDataProvider"/>
  <testcase name="TestLoginWithDataProvider" time="8.833" classname="com.Capita.AutomationDemo.testscripts.TestLoginThroughDataProvider"/>
  <testcase name="TestLoginWithDataProvider" time="9.209" classname="com.Capita.AutomationDemo.testscripts.TestLoginThroughDataProvider"/>
  <testcase name="TestLoginWithDataProvider" time="9.095" classname="com.Capita.AutomationDemo.testscripts.TestLoginThroughDataProvider"/>
</testsuite> <!-- Command line test -->
